<?xml version="1.0" encoding="UTF-8"?>
<testng-results ignored="0" total="2" passed="2" failed="0" skipped="0">
  <reporter-output>
  </reporter-output>
  <suite started-at="2022-07-06T21:38:10 IST" name="netBankingV2" finished-at="2022-07-06T21:39:26 IST" duration-ms="75825">
    <groups>
    </groups>
    <test started-at="2022-07-06T21:38:10 IST" name="Test Case-1" finished-at="2022-07-06T21:39:26 IST" duration-ms="75825">
      <class name="com.netBanking.testCases.TC_LoginTest_001">
        <test-method is-config="true" signature="setup()[pri:0, instance:com.netBanking.testCases.TC_LoginTest_001@74ea2410]" started-at="2022-07-06T21:38:10 IST" name="setup" finished-at="2022-07-06T21:38:13 IST" duration-ms="2508" status="PASS">
          <reporter-output>
          </reporter-output>
        </test-method> <!-- setup -->
        <test-method signature="LoginTest()[pri:0, instance:com.netBanking.testCases.TC_LoginTest_001@74ea2410]" started-at="2022-07-06T21:38:13 IST" name="LoginTest" finished-at="2022-07-06T21:38:41 IST" duration-ms="27946" status="PASS">
          <reporter-output>
          </reporter-output>
        </test-method> <!-- LoginTest -->
        <test-method is-config="true" signature="tearDown()[pri:0, instance:com.netBanking.testCases.TC_LoginTest_001@74ea2410]" started-at="2022-07-06T21:38:41 IST" name="tearDown" finished-at="2022-07-06T21:38:41 IST" duration-ms="431" status="PASS">
          <reporter-output>
          </reporter-output>
        </test-method> <!-- tearDown -->
      </class> <!-- com.netBanking.testCases.TC_LoginTest_001 -->
      <class name="com.netBanking.testCases.TC_LoginTest_002">
        <test-method is-config="true" signature="setup()[pri:0, instance:com.netBanking.testCases.TC_LoginTest_002@563f38c4]" started-at="2022-07-06T21:38:41 IST" name="setup" finished-at="2022-07-06T21:38:42 IST" duration-ms="1053" status="PASS">
          <reporter-output>
          </reporter-output>
        </test-method> <!-- setup -->
        <test-method signature="newCustomer()[pri:0, instance:com.netBanking.testCases.TC_LoginTest_002@563f38c4]" started-at="2022-07-06T21:38:42 IST" name="newCustomer" finished-at="2022-07-06T21:39:26 IST" duration-ms="43415" status="PASS">
          <reporter-output>
          </reporter-output>
        </test-method> <!-- newCustomer -->
        <test-method is-config="true" signature="tearDown()[pri:0, instance:com.netBanking.testCases.TC_LoginTest_002@563f38c4]" started-at="2022-07-06T21:39:26 IST" name="tearDown" finished-at="2022-07-06T21:39:26 IST" duration-ms="436" status="PASS">
          <reporter-output>
          </reporter-output>
        </test-method> <!-- tearDown -->
      </class> <!-- com.netBanking.testCases.TC_LoginTest_002 -->
    </test> <!-- Test Case-1 -->
  </suite> <!-- netBankingV2 -->
</testng-results>
